<?xml version="1.0" encoding="UTF-8"?>
<!-- Generated by org.testng.reporters.JUnitXMLReporter -->
<testsuite ignored="0" hostname="DESKTOP-C3DRJ2H" failures="0" tests="4" name="Surefire test" time="9.294" errors="0" timestamp="2025-12-28T01:22:19 IST">
  <testcase classname="api.test.UserTests" name="testPostUser" time="3.895"/>
  <testcase classname="api.test.UserTests" name="testGetUserByName" time="1.236"/>
  <testcase classname="api.test.UserTests" name="testUpdateUserByName" time="2.301"/>
  <testcase classname="api.test.UserTests" name="testDeleteUserByName" time="1.149"/>
</testsuite> <!-- Surefire test -->
