<?xml version="1.0" encoding="UTF-8"?>
<!-- Generated by org.testng.reporters.JUnitXMLReporter -->
<testsuite ignored="0" hostname="DESKTOP-C3DRJ2H" failures="0" tests="4" name="UserTest" time="9.204" errors="0" timestamp="2025-12-28T01:07:01 IST">
  <testcase classname="api.test.UserTests" name="testPostUser" time="3.622"/>
  <testcase classname="api.test.UserTests" name="testGetUserByName" time="1.232"/>
  <testcase classname="api.test.UserTests" name="testUpdateUserByName" time="2.297"/>
  <testcase classname="api.test.UserTests" name="testDeleteUserByName" time="1.116"/>
</testsuite> <!-- UserTest -->
