<?xml version="1.0" encoding="UTF-8"?>
<testng-results ignored="0" total="4" passed="4" failed="0" skipped="0">
  <reporter-output>
  </reporter-output>
  <suite started-at="2025-12-28T01:06:52 IST" name="UserSuite" finished-at="2025-12-28T01:07:01 IST" duration-ms="9204">
    <groups>
    </groups>
    <test started-at="2025-12-28T01:06:52 IST" name="UserTest" finished-at="2025-12-28T01:07:01 IST" duration-ms="9204">
      <class name="api.test.UserTests">
        <test-method is-config="true" signature="setupData()[pri:0, instance:api.test.UserTests@15de0b3c]" started-at="2025-12-28T01:06:52 IST" name="setupData" finished-at="2025-12-28T01:06:52 IST" duration-ms="594" status="PASS">
          <reporter-output>
          </reporter-output>
        </test-method> <!-- setupData -->
        <test-method signature="testPostUser()[pri:1, instance:api.test.UserTests@15de0b3c]" started-at="2025-12-28T01:06:52 IST" name="testPostUser" finished-at="2025-12-28T01:06:56 IST" duration-ms="3622" status="PASS">
          <reporter-output>
          </reporter-output>
        </test-method> <!-- testPostUser -->
        <test-method signature="testGetUserByName()[pri:2, instance:api.test.UserTests@15de0b3c]" started-at="2025-12-28T01:06:56 IST" name="testGetUserByName" finished-at="2025-12-28T01:06:57 IST" duration-ms="1232" status="PASS">
          <reporter-output>
          </reporter-output>
        </test-method> <!-- testGetUserByName -->
        <test-method signature="testUpdateUserByName()[pri:3, instance:api.test.UserTests@15de0b3c]" started-at="2025-12-28T01:06:57 IST" name="testUpdateUserByName" finished-at="2025-12-28T01:07:00 IST" duration-ms="2297" status="PASS">
          <reporter-output>
          </reporter-output>
        </test-method> <!-- testUpdateUserByName -->
        <test-method signature="testDeleteUserByName()[pri:4, instance:api.test.UserTests@15de0b3c]" started-at="2025-12-28T01:07:00 IST" name="testDeleteUserByName" finished-at="2025-12-28T01:07:01 IST" duration-ms="1116" status="PASS">
          <reporter-output>
          </reporter-output>
        </test-method> <!-- testDeleteUserByName -->
      </class> <!-- api.test.UserTests -->
    </test> <!-- UserTest -->
  </suite> <!-- UserSuite -->
</testng-results>
