<?xml version="1.0" encoding="UTF-8"?>
<!-- Generated by org.testng.reporters.JUnitReportReporter -->
<testsuite hostname="DESKTOP-C3DRJ2H" failures="0" tests="4" name="api.test.UserTests" time="8.581" errors="0" timestamp="2025-12-28T01:22:19 IST" skipped="0">
  <testcase classname="api.test.UserTests" name="testPostUser" time="3.895"/>
  <testcase classname="api.test.UserTests" name="testGetUserByName" time="1.236"/>
  <testcase classname="api.test.UserTests" name="testUpdateUserByName" time="2.301"/>
  <testcase classname="api.test.UserTests" name="testDeleteUserByName" time="1.149"/>
</testsuite> <!-- api.test.UserTests -->
